C:\Users\kesha\Workspaces\venv\Scripts\python.exe C:/Users/kesha/Workspaces/Domina/src/CostConstrainedBinaryChannels.py
===============================================================================
                                     CVXPY                                     
                                    v1.1.18                                    
===============================================================================
(CVXPY) Apr 13 04:07:38 PM: Your problem has 2 variables, 3 constraints, and 2 parameters.
(CVXPY) Apr 13 04:07:38 PM: It is compliant with the following grammars: DCP, DQCP
(CVXPY) Apr 13 04:07:38 PM: CVXPY will first compile your problem; then, it will invoke a numerical solver to obtain a solution.
-------------------------------------------------------------------------------
                                  Compilation                                  
-------------------------------------------------------------------------------
(CVXPY) Apr 13 04:07:38 PM: Compiling problem (target solver=SCS).
(CVXPY) Apr 13 04:07:38 PM: Reduction chain: FlipObjective -> Dcp2Cone -> CvxAttr2Constr -> ConeMatrixStuffing -> SCS
(CVXPY) Apr 13 04:07:38 PM: Applying reduction FlipObjective
(CVXPY) Apr 13 04:07:38 PM: Applying reduction Dcp2Cone
(CVXPY) Apr 13 04:07:38 PM: Applying reduction CvxAttr2Constr
(CVXPY) Apr 13 04:07:38 PM: Applying reduction ConeMatrixStuffing
(CVXPY) Apr 13 04:07:38 PM: Applying reduction SCS
(CVXPY) Apr 13 04:07:38 PM: Finished problem compilation (took 0.000e+00 seconds).
(CVXPY) Apr 13 04:07:38 PM: (Subsequent compilations of this problem, using the same arguments, should take less time.)
-------------------------------------------------------------------------------
                                Numerical solver                               
-------------------------------------------------------------------------------
(CVXPY) Apr 13 04:07:38 PM: Invoking solver SCS  to obtain a solution.
------------------------------------------------------------------
	       SCS v3.1.0 - Splitting Conic Solver
	(c) Brendan O'Donoghue, Stanford University, 2012
------------------------------------------------------------------
problem:  variables n: 5, constraints m: 13
cones: 	  z: primal zero / dual free vars: 1
	  l: linear vars: 3
	  e: exp vars: 9, dual exp vars: 0
settings: eps_abs: 1.0e-08, eps_rel: 1.0e-08, eps_infeas: 1.0e-07
	  alpha: 1.50, scale: 1.00e-01, adaptive_scale: 1
	  max_iters: 100000000, normalize: 1, warm_start: 0
	  acceleration_lookback: 10, acceleration_interval: 10
lin-sys:  sparse-direct
	  nnz(A): 13, nnz(P): 0
------------------------------------------------------------------
 iter | pri res | dua res |   gap   |   obj   |  scale  | time (s)
------------------------------------------------------------------
     0| 1.91e+01  1.04e+00  8.27e+01 -4.27e+01  1.00e-01  2.48e-04 
   175| 1.51e-08  4.97e-09  7.10e-10 -8.74e-01  1.01e+00  4.92e-03 
------------------------------------------------------------------
status:  solved
timings: total: 5.22e-03s = setup: 2.86e-04s + solve: 4.93e-03s
	 lin-sys: 4.47e-05s, cones: 4.58e-03s, accel: 7.00e-06s
------------------------------------------------------------------
objective = -0.873856
------------------------------------------------------------------
-------------------------------------------------------------------------------
                                    Summary                                    
-------------------------------------------------------------------------------
(CVXPY) Apr 13 04:07:38 PM: Problem status: optimal
(CVXPY) Apr 13 04:07:38 PM: Optimal value: 8.739e-01
(CVXPY) Apr 13 04:07:38 PM: Compilation took 0.000e+00 seconds
(CVXPY) Apr 13 04:07:38 PM: Solver (including time spent in interface) took 1.562e-02 seconds
[INFO] CostConstrainedBinaryChannels | BEC
[INFO] CostConstrainedBinaryChannels CapacityEvaluations empirical: Status = optimal | Channel Capacity = 0.873856 bits | Achieving Distribution = [0.6 0.4] | Given Cost = 0.4 | Cost = 0.4.
[INFO] CostConstrainedBinaryChannels CapacityEvaluations theoretical: Channel Capacity = 0.873856 bits | Achieving Distribution = [0.6 0.4].

Process finished with exit code 0
