C:\Users\kesha\Workspaces\venv\Scripts\python.exe C:/Users/kesha/Workspaces/Domina/src/MethodOfTypesBounds.py
[INFO] MethodOfTypesBounds main: Evaluating the bounds for the type class size |T(P)| - 
+-------------+---------------+----------------------+-------------------------------+-----------------------------+---------------+------------------------------------------+
|  Type (P)   |  Lower Bound  |  Theoretical |T(P)|  |  Empirical |T(P)| nCk (comb)  |  Theoretical = Empirical ?  |  Upper Bound  |  Lower Bound <= |T(P)| <= Upper Bound ?  |
|-------------+---------------+----------------------+-------------------------------+-----------------------------+---------------+------------------------------------------|
|   [0. 1.]   |  0.00226757   |          1           |               1               |            True             |       1       |                   True                   |
| [0.05 0.95] |   0.120183    |          20          |              20               |            True             |    53.0007    |                   True                   |
|  [0.1 0.9]  |    1.51076    |         190          |              190              |            True             |    666.246    |                   True                   |
| [0.15 0.85] |    10.6455    |         1140         |             1140              |            True             |    4694.66    |                   True                   |
|  [0.2 0.8]  |    50.3503    |         4845         |             4845              |            True             |    22204.5    |                   True                   |
| [0.25 0.75] |    173.757    |        15504         |             15504             |            True             |    76626.9    |                   True                   |
|  [0.3 0.7]  |    458.629    |        38760         |             38760             |            True             |    202255     |                   True                   |
| [0.35 0.65] |    953.26     |        77520         |             77520             |            True             |    420388     |                   True                   |
|  [0.4 0.6]  |    1589.52    |        125970        |            125970             |            True             |    700979     |                   True                   |
| [0.45 0.55] |    2151.09    |        167960        |            167960             |            True             |    948632     |                   True                   |
|  [0.5 0.5]  |    2377.72    |        184756        |            184756             |            True             |  1.04858e+06  |                   True                   |
| [0.55 0.45] |    2151.09    |        167960        |            167960             |            True             |    948632     |                   True                   |
|  [0.6 0.4]  |    1589.52    |        125970        |            125970             |            True             |    700979     |                   True                   |
| [0.65 0.35] |    953.26     |        77520         |             77520             |            True             |    420388     |                   True                   |
|  [0.7 0.3]  |    458.629    |        38760         |             38760             |            True             |    202255     |                   True                   |
| [0.75 0.25] |    173.757    |        15504         |             15504             |            True             |    76626.9    |                   True                   |
|  [0.8 0.2]  |    50.3503    |         4845         |             4845              |            True             |    22204.5    |                   True                   |
| [0.85 0.15] |    10.6455    |         1140         |             1140              |            True             |    4694.66    |                   True                   |
|  [0.9 0.1]  |    1.51076    |         190          |              190              |            True             |    666.246    |                   True                   |
| [0.95 0.05] |   0.120183    |          20          |              20               |            True             |    53.0007    |                   True                   |
|   [1. 0.]   |  0.00226757   |          1           |               1               |            True             |       1       |                   True                   |
+-------------+---------------+----------------------+-------------------------------+-----------------------------+---------------+------------------------------------------+

Process finished with exit code 0
