===============================================================================
                                     CVXPY                                     
                                    v1.1.18                                    
===============================================================================
(CVXPY) Apr 12 07:20:30 PM: Your problem has 3 variables, 2 constraints, and 3 parameters.
(CVXPY) Apr 12 07:20:30 PM: It is compliant with the following grammars: DCP, DQCP
(CVXPY) Apr 12 07:20:30 PM: CVXPY will first compile your problem; then, it will invoke a numerical solver to obtain a solution.
-------------------------------------------------------------------------------
                                  Compilation                                  
-------------------------------------------------------------------------------
(CVXPY) Apr 12 07:20:30 PM: Compiling problem (target solver=SCS).
(CVXPY) Apr 12 07:20:30 PM: Reduction chain: FlipObjective -> Dcp2Cone -> CvxAttr2Constr -> ConeMatrixStuffing -> SCS
(CVXPY) Apr 12 07:20:30 PM: Applying reduction FlipObjective
(CVXPY) Apr 12 07:20:30 PM: Applying reduction Dcp2Cone
(CVXPY) Apr 12 07:20:30 PM: Applying reduction CvxAttr2Constr
(CVXPY) Apr 12 07:20:30 PM: Applying reduction ConeMatrixStuffing
(CVXPY) Apr 12 07:20:30 PM: Applying reduction SCS
(CVXPY) Apr 12 07:20:30 PM: Finished problem compilation (took 1.562e-02 seconds).
(CVXPY) Apr 12 07:20:30 PM: (Subsequent compilations of this problem, using the same arguments, should take less time.)
-------------------------------------------------------------------------------
                                Numerical solver                               
-------------------------------------------------------------------------------
(CVXPY) Apr 12 07:20:30 PM: Invoking solver SCS  to obtain a solution.
------------------------------------------------------------------
	       SCS v3.1.0 - Splitting Conic Solver
	(c) Brendan O'Donoghue, Stanford University, 2012
------------------------------------------------------------------
problem:  variables n: 6, constraints m: 13
cones: 	  l: linear vars: 4
	  e: exp vars: 9, dual exp vars: 0
settings: eps_abs: 1.0e-08, eps_rel: 1.0e-08, eps_infeas: 1.0e-07
	  alpha: 1.50, scale: 1.00e-01, adaptive_scale: 1
	  max_iters: 100000000, normalize: 1, warm_start: 0
	  acceleration_lookback: 10, acceleration_interval: 10
lin-sys:  sparse-direct
	  nnz(A): 12, nnz(P): 0
------------------------------------------------------------------
 iter | pri res | dua res |   gap   |   obj   |  scale  | time (s)
------------------------------------------------------------------
     0| 1.50e+01  4.86e-01  1.77e+01 -1.00e+01  1.00e-01  4.24e-04 
   225| 1.20e-08  5.18e-10  4.05e-09 -2.32e+00  1.00e-01  8.89e-03 
------------------------------------------------------------------
status:  solved
timings: total: 1.08e-02s = setup: 1.91e-03s + solve: 8.90e-03s
	 lin-sys: 2.51e-04s, cones: 4.48e-03s, accel: 3.89e-03s
------------------------------------------------------------------
objective = -2.321928
------------------------------------------------------------------
-------------------------------------------------------------------------------
                                    Summary                                    
-------------------------------------------------------------------------------
(CVXPY) Apr 12 07:20:30 PM: Problem status: optimal
(CVXPY) Apr 12 07:20:30 PM: Optimal value: 2.322e+00
(CVXPY) Apr 12 07:20:30 PM: Compilation took 1.562e-02 seconds
(CVXPY) Apr 12 07:20:30 PM: Solver (including time spent in interface) took 1.562e-02 seconds
[INFO] PowerAllocation empirical: Channel Capacity Maximization for parallel Gaussian channels | Problem Status = optimal | Capacity = 2.321928 bits | Optimal powers = [9. 6. 0.].
[INFO] PowerAllocation theoretical: Channel Capacity Maximization for parallel Gaussian channels | Capacity = 2.321928 bits | Optimal powers = [9. 6. 0.].

Process finished with exit code 0
