===============================================================================
                                     CVXPY                                     
                                    v1.1.18                                    
===============================================================================
(CVXPY) Apr 12 07:25:35 PM: Your problem has 2 variables, 3 constraints, and 2 parameters.
(CVXPY) Apr 12 07:25:35 PM: It is compliant with the following grammars: DCP, DQCP
(CVXPY) Apr 12 07:25:35 PM: CVXPY will first compile your problem; then, it will invoke a numerical solver to obtain a solution.
-------------------------------------------------------------------------------
                                  Compilation                                  
-------------------------------------------------------------------------------
(CVXPY) Apr 12 07:25:35 PM: Compiling problem (target solver=SCS).
(CVXPY) Apr 12 07:25:35 PM: Reduction chain: FlipObjective -> Dcp2Cone -> CvxAttr2Constr -> ConeMatrixStuffing -> SCS
(CVXPY) Apr 12 07:25:35 PM: Applying reduction FlipObjective
(CVXPY) Apr 12 07:25:35 PM: Applying reduction Dcp2Cone
(CVXPY) Apr 12 07:25:35 PM: Applying reduction CvxAttr2Constr
(CVXPY) Apr 12 07:25:35 PM: Applying reduction ConeMatrixStuffing
(CVXPY) Apr 12 07:25:35 PM: Applying reduction SCS
(CVXPY) Apr 12 07:25:35 PM: Finished problem compilation (took 1.563e-02 seconds).
(CVXPY) Apr 12 07:25:35 PM: (Subsequent compilations of this problem, using the same arguments, should take less time.)
-------------------------------------------------------------------------------
                                Numerical solver                               
-------------------------------------------------------------------------------
(CVXPY) Apr 12 07:25:35 PM: Invoking solver SCS  to obtain a solution.
------------------------------------------------------------------
	       SCS v3.1.0 - Splitting Conic Solver
	(c) Brendan O'Donoghue, Stanford University, 2012
------------------------------------------------------------------
problem:  variables n: 5, constraints m: 13
cones: 	  z: primal zero / dual free vars: 1
	  l: linear vars: 3
	  e: exp vars: 9, dual exp vars: 0
settings: eps_abs: 1.0e-08, eps_rel: 1.0e-08, eps_infeas: 1.0e-07
	  alpha: 1.50, scale: 1.00e-01, adaptive_scale: 1
	  max_iters: 100000000, normalize: 1, warm_start: 0
	  acceleration_lookback: 10, acceleration_interval: 10
lin-sys:  sparse-direct
	  nnz(A): 13, nnz(P): 0
------------------------------------------------------------------
 iter | pri res | dua res |   gap   |   obj   |  scale  | time (s)
------------------------------------------------------------------
     0| 1.92e+01  1.05e+00  8.27e+01 -4.27e+01  1.00e-01  1.97e-04 
   175| 3.58e-09  2.30e-09  4.08e-09 -9.00e-01  1.04e+00  3.96e-03 
------------------------------------------------------------------
status:  solved
timings: total: 4.18e-03s = setup: 2.19e-04s + solve: 3.97e-03s
	 lin-sys: 3.27e-05s, cones: 3.71e-03s, accel: 3.60e-06s
------------------------------------------------------------------
objective = -0.900000
------------------------------------------------------------------
-------------------------------------------------------------------------------
                                    Summary                                    
-------------------------------------------------------------------------------
(CVXPY) Apr 12 07:25:35 PM: Problem status: optimal
(CVXPY) Apr 12 07:25:35 PM: Optimal value: 9.000e-01
(CVXPY) Apr 12 07:25:35 PM: Compilation took 1.563e-02 seconds
(CVXPY) Apr 12 07:25:35 PM: Solver (including time spent in interface) took 1.563e-02 seconds
[INFO] CostConstrainedBinaryChannels | BEC
[INFO] CostConstrainedBinaryChannels CapacityEvaluations empirical: Status = optimal | Channel Capacity = 0.9 bits | Achieving Distribution = [0.5 0.5] | Given Cost = 1.0 | Cost = 0.5.
[INFO] CostConstrainedBinaryChannels CapacityEvaluations theoretical: Channel Capacity = 0.9 bits | Achieving Distribution = [0.5 0.5].

Process finished with exit code 0